<?xml version="1.0" encoding="UTF-8"?>
<robot generator="Robot 5.0.1 (Python 3.10.7 on win32)" generated="20221012 16:00:32.654" rpa="false" schemaversion="3">
<suite id="s1" name="Trade" source="D:\vdt2\trade-sticker\tests\trade.robot">
<test id="s1-t1" name="Deve negociar a figurinha Neymar Legend" line="7">
<kw name="Go To Login Page" library="login">
<kw name="New Browser" library="Browser">
<arg>headless=false</arg>
<tag>BrowserControl</tag>
<tag>Setter</tag>
<doc>Create a new playwright Browser with specified options.</doc>
<msg timestamp="20221012 16:00:33.403" level="INFO">{"browser": "chromium", "headless": false, "devtools": false, "handleSIGHUP": true, "handleSIGINT": true, "handleSIGTERM": true, "slowMo": 0.0, "timeout": 30000.0, "deprecated_pos_args": [], "tracesDir": "D:\\vdt2\\trade-sticker\\logs\\browser\\traces\\52c25a30-6194-435f-a48a-1302a7288e01"}</msg>
<msg timestamp="20221012 16:00:34.202" level="INFO">Successfully created browser with options: {"browser":"chromium","headless":false,"devtools":false,"handleSIGHUP":true,"handleSIGINT":true,"handleSIGTERM":true,"slowMo":0,"timeout":30000,"deprecated_pos_args":[],"tracesDir":"D:\\vdt2\\trade-sticker\\logs\\browser\\traces\\52c25a30-6194-435f-a48a-1302a7288e01"}</msg>
<status status="PASS" starttime="20221012 16:00:33.402" endtime="20221012 16:00:34.203"/>
</kw>
<kw name="New Page" library="Browser">
<arg>https://trade-sticker-dev.vercel.app/</arg>
<tag>BrowserControl</tag>
<tag>Setter</tag>
<doc>Open a new Page.</doc>
<msg timestamp="20221012 16:00:37.294" level="INFO">Successfully initialized new page object and opened url: https://trade-sticker-dev.vercel.app/</msg>
<msg timestamp="20221012 16:00:37.294" level="INFO">No context was open. New context was automatically opened when this page is created.</msg>
<status status="PASS" starttime="20221012 16:00:34.203" endtime="20221012 16:00:37.294"/>
</kw>
<status status="PASS" starttime="20221012 16:00:33.402" endtime="20221012 16:00:37.295"/>
</kw>
<kw name="Submit Credentials" library="login">
<arg>papito@gmail.com</arg>
<arg>vaibrasil</arg>
<kw name="Fill Text" library="Browser">
<arg>css=input[name=email]</arg>
<arg>${email}</arg>
<tag>PageContent</tag>
<tag>Setter</tag>
<doc>Clears and fills the given ``txt`` into the text field found by ``selector``.</doc>
<msg timestamp="20221012 16:00:37.295" level="INFO">Fills the text 'papito@gmail.com' in the given field.</msg>
<status status="PASS" starttime="20221012 16:00:37.295" endtime="20221012 16:00:37.347"/>
</kw>
<kw name="Fill Text" library="Browser">
<arg>css=input[name=password]</arg>
<arg>${password}</arg>
<tag>PageContent</tag>
<tag>Setter</tag>
<doc>Clears and fills the given ``txt`` into the text field found by ``selector``.</doc>
<msg timestamp="20221012 16:00:37.348" level="INFO">Fills the text 'vaibrasil' in the given field.</msg>
<status status="PASS" starttime="20221012 16:00:37.348" endtime="20221012 16:00:37.364"/>
</kw>
<kw name="Click" library="Browser">
<arg>css=button &gt;&gt; text=Entrar</arg>
<tag>PageContent</tag>
<tag>Setter</tag>
<doc>Simulates mouse click on the element found by ``selector``.</doc>
<status status="PASS" starttime="20221012 16:00:37.364" endtime="20221012 16:00:37.420"/>
</kw>
<status status="PASS" starttime="20221012 16:00:37.295" endtime="20221012 16:00:37.420"/>
</kw>
<kw name="User Logged In" library="dash">
<kw name="Set Variable" library="BuiltIn">
<var>${header_title}</var>
<arg>Aquela figurinha incrível a um clique de distância.</arg>
<doc>Returns the given values which can then be assigned to a variables.</doc>
<msg timestamp="20221012 16:00:37.420" level="INFO">${header_title} = Aquela figurinha incrível a um clique de distância.</msg>
<status status="PASS" starttime="20221012 16:00:37.420" endtime="20221012 16:00:37.420"/>
</kw>
<kw name="Get Text" library="Browser">
<arg>css=.header-content strong</arg>
<arg>equal</arg>
<arg>${header_title}</arg>
<tag>Assertion</tag>
<tag>Getter</tag>
<tag>PageContent</tag>
<doc>Returns text attribute of the element found by ``selector``.</doc>
<status status="PASS" starttime="20221012 16:00:37.421" endtime="20221012 16:00:37.449"/>
</kw>
<status status="PASS" starttime="20221012 16:00:37.420" endtime="20221012 16:00:37.449"/>
</kw>
<kw name="Search User" library="dash">
<arg>legend</arg>
<kw name="Fill Text" library="Browser">
<arg>input[placeholder^=Busque]</arg>
<arg>${target}</arg>
<tag>PageContent</tag>
<tag>Setter</tag>
<doc>Clears and fills the given ``txt`` into the text field found by ``selector``.</doc>
<msg timestamp="20221012 16:00:37.449" level="INFO">Fills the text 'legend' in the given field.</msg>
<status status="PASS" starttime="20221012 16:00:37.449" endtime="20221012 16:00:37.463"/>
</kw>
<kw name="Click" library="Browser">
<arg>css=button &gt;&gt; text=Buscar</arg>
<tag>PageContent</tag>
<tag>Setter</tag>
<doc>Simulates mouse click on the element found by ``selector``.</doc>
<status status="PASS" starttime="20221012 16:00:37.463" endtime="20221012 16:00:37.511"/>
</kw>
<status status="PASS" starttime="20221012 16:00:37.449" endtime="20221012 16:00:37.511"/>
</kw>
<kw name="Select Sticker" library="dash">
<arg>Neymar Jr</arg>
<kw name="Click" library="Browser">
<arg>xpath=//img[@alt="${name}"]/..</arg>
<tag>PageContent</tag>
<tag>Setter</tag>
<doc>Simulates mouse click on the element found by ``selector``.</doc>
<status status="PASS" starttime="20221012 16:00:37.512" endtime="20221012 16:00:37.978"/>
</kw>
<status status="PASS" starttime="20221012 16:00:37.511" endtime="20221012 16:00:37.978"/>
</kw>
<kw name="Get In Touch" library="dash">
<kw name="Click" library="Browser">
<arg>css=button &gt;&gt; text=Entrar em contato</arg>
<tag>PageContent</tag>
<tag>Setter</tag>
<doc>Simulates mouse click on the element found by ``selector``.</doc>
<status status="PASS" starttime="20221012 16:00:37.979" endtime="20221012 16:00:38.044"/>
</kw>
<status status="PASS" starttime="20221012 16:00:37.978" endtime="20221012 16:00:38.044"/>
</kw>
<kw name="Whatsapp Sticker Message" library="dash">
<arg>Neymar Jr</arg>
<kw name="Set Variable" library="BuiltIn">
<var>${expected_message}</var>
<arg>Oi, achei o seu contato no Trade Sticker. Estou interessado(a) na figurinha do ${sticker_name}, bora negociar?</arg>
<doc>Returns the given values which can then be assigned to a variables.</doc>
<msg timestamp="20221012 16:00:38.045" level="INFO">${expected_message} = Oi, achei o seu contato no Trade Sticker. Estou interessado(a) na figurinha do Neymar Jr, bora negociar?</msg>
<status status="PASS" starttime="20221012 16:00:38.045" endtime="20221012 16:00:38.045"/>
</kw>
<kw name="Switch Page" library="Browser">
<arg>NEW</arg>
<tag>BrowserControl</tag>
<tag>Setter</tag>
<doc>Switches the active browser page to another open page by ``id`` or ``NEW``.</doc>
<msg timestamp="20221012 16:00:38.046" level="INFO">Switching to page NEW,context CURRENT, browser CURRENT</msg>
<msg timestamp="20221012 16:00:38.567" level="INFO">Activated new page page=54f806ec-3a44-4266-9ceb-05c51059d39a</msg>
<status status="PASS" starttime="20221012 16:00:38.045" endtime="20221012 16:00:38.567"/>
</kw>
<kw name="Wait For Elements State" library="Browser">
<arg>css=p &gt;&gt; text=${expected_message}</arg>
<arg>visible</arg>
<arg>5000</arg>
<tag>PageContent</tag>
<tag>Wait</tag>
<doc>Waits for the element found by ``selector`` to satisfy state option.</doc>
<msg timestamp="20221012 16:00:38.803" level="INFO">Waited for Element with selector css=p &gt;&gt; text=Oi, achei o seu contato no Trade Sticker. Estou interessado(a) na figurinha do Neymar Jr, bora negociar? at state visible</msg>
<status status="PASS" starttime="20221012 16:00:38.567" endtime="20221012 16:00:38.803"/>
</kw>
<status status="PASS" starttime="20221012 16:00:38.045" endtime="20221012 16:00:38.803"/>
</kw>
<kw name="Take Screenshot" library="Browser">
<tag>PageContent</tag>
<doc>Takes a screenshot of the current window or element and saves it to disk.</doc>
<msg timestamp="20221012 16:00:38.969" level="INFO" html="true">&lt;/td&gt;&lt;/tr&gt;&lt;tr&gt;&lt;td colspan="3"&gt;&lt;a href="browser/screenshot/robotframework-browser-screenshot-1.png"&gt;&lt;img src="browser/screenshot/robotframework-browser-screenshot-1.png" width="800px"&gt;&lt;/a&gt;</msg>
<status status="PASS" starttime="20221012 16:00:38.803" endtime="20221012 16:00:38.969"/>
</kw>
<status status="PASS" starttime="20221012 16:00:33.397" endtime="20221012 16:00:38.969"/>
</test>
<doc>Teste de negociação de figurinhas da copa do mundo</doc>
<status status="PASS" starttime="20221012 16:00:32.655" endtime="20221012 16:00:39.040"/>
</suite>
<statistics>
<total>
<stat pass="1" fail="0" skip="0">All Tests</stat>
</total>
<tag>
</tag>
<suite>
<stat pass="1" fail="0" skip="0" id="s1" name="Trade">Trade</stat>
</suite>
</statistics>
<errors>
</errors>
</robot>
